<?xml version="1.0" encoding="UTF-8"?>
<!-- Generated by org.testng.reporters.JUnitXMLReporter -->
<testsuite hostname="LAPTOP-KKU6G5Q2" ignored="0" name="Test" tests="5" failures="0" timestamp="2021-11-29T21:01:02 IST" time="22.858" errors="0">
  <testcase name="home_Page" time="7.993" classname="com.testng.Automation_Testng"/>
  <testcase name="log" time="0.051" classname="com.testng.Automation_Testng"/>
  <testcase name="login" time="0.828" classname="com.testng.Automation_Testng"/>
  <testcase name="summary_Order" time="0.106" classname="com.testng.Automation_Testng"/>
  <testcase name="women" time="13.822" classname="com.testng.Automation_Testng"/>
</testsuite> <!-- Test -->
