<?xml version="1.0" encoding="UTF-8"?>
<testng-results skipped="0" failed="0" ignored="0" total="4" passed="4">
  <reporter-output>
  </reporter-output>
  <suite name="Default suite" duration-ms="34756" started-at="2021-11-29T21:29:57 IST" finished-at="2021-11-29T21:30:32 IST">
    <groups>
    </groups>
    <test name="Default test" duration-ms="34756" started-at="2021-11-29T21:29:57 IST" finished-at="2021-11-29T21:30:32 IST">
      <class name="com.testng.Automation_Testng">
        <test-method status="PASS" signature="log()[pri:0, instance:com.testng.Automation_Testng@6f6745d6]" name="log" is-config="true" duration-ms="62" started-at="2021-11-29T21:29:57 IST" finished-at="2021-11-29T21:29:57 IST">
          <reporter-output>
          </reporter-output>
        </test-method> <!-- log -->
        <test-method status="PASS" signature="home_Page()[pri:1, instance:com.testng.Automation_Testng@6f6745d6]" name="home_Page" duration-ms="7668" started-at="2021-11-29T21:29:57 IST" finished-at="2021-11-29T21:30:05 IST">
          <reporter-output>
          </reporter-output>
        </test-method> <!-- home_Page -->
        <test-method status="PASS" signature="women()[pri:2, instance:com.testng.Automation_Testng@6f6745d6]" name="women" duration-ms="17741" started-at="2021-11-29T21:30:05 IST" finished-at="2021-11-29T21:30:23 IST">
          <reporter-output>
          </reporter-output>
        </test-method> <!-- women -->
        <test-method status="PASS" signature="login()[pri:3, instance:com.testng.Automation_Testng@6f6745d6]" name="login" duration-ms="4430" started-at="2021-11-29T21:30:23 IST" finished-at="2021-11-29T21:30:27 IST">
          <reporter-output>
          </reporter-output>
        </test-method> <!-- login -->
        <test-method status="PASS" signature="summary_Order()[pri:4, instance:com.testng.Automation_Testng@6f6745d6]" name="summary_Order" duration-ms="4885" started-at="2021-11-29T21:30:27 IST" finished-at="2021-11-29T21:30:32 IST">
          <reporter-output>
          </reporter-output>
        </test-method> <!-- summary_Order -->
        <test-method status="PASS" signature="confrim()[pri:0, instance:com.testng.Automation_Testng@6f6745d6]" name="confrim" is-config="true" duration-ms="2688" started-at="2021-11-29T21:30:32 IST" finished-at="2021-11-29T21:30:35 IST">
          <reporter-output>
          </reporter-output>
        </test-method> <!-- confrim -->
      </class> <!-- com.testng.Automation_Testng -->
    </test> <!-- Default test -->
  </suite> <!-- Default suite -->
</testng-results>
